[2024-04-07T12:01:03.641+0000] {taskinstance.py:1957} INFO - Dependencies all met for dep_context=non-requeueable deps ti=<TaskInstance: defi_data_pipeline.transformed_to_datetime scheduled__2024-04-07T11:01:00+00:00 [queued]>
[2024-04-07T12:01:03.659+0000] {taskinstance.py:1957} INFO - Dependencies all met for dep_context=requeueable deps ti=<TaskInstance: defi_data_pipeline.transformed_to_datetime scheduled__2024-04-07T11:01:00+00:00 [queued]>
[2024-04-07T12:01:03.660+0000] {taskinstance.py:2171} INFO - Starting attempt 1 of 1
[2024-04-07T12:01:03.867+0000] {taskinstance.py:2192} INFO - Executing <Task(_PythonDecoratedOperator): transformed_to_datetime> on 2024-04-07 11:01:00+00:00
[2024-04-07T12:01:03.875+0000] {standard_task_runner.py:60} INFO - Started process 34723 to run task
[2024-04-07T12:01:03.880+0000] {standard_task_runner.py:87} INFO - Running: ['***', 'tasks', 'run', 'defi_data_pipeline', 'transformed_to_datetime', 'scheduled__2024-04-07T11:01:00+00:00', '--job-id', '375', '--raw', '--subdir', 'DAGS_FOLDER/_etl.py', '--cfg-path', '/tmp/tmp2y6qhlgq']
[2024-04-07T12:01:03.883+0000] {standard_task_runner.py:88} INFO - Job 375: Subtask transformed_to_datetime
[2024-04-07T12:01:03.904+0000] {logging_mixin.py:188} WARNING - /home/***/.local/lib/python3.8/site-packages/***/settings.py:195 DeprecationWarning: The sql_alchemy_conn option in [core] has been moved to the sql_alchemy_conn option in [database] - the old setting has been used, but please update your config.
[2024-04-07T12:01:03.946+0000] {task_command.py:423} INFO - Running <TaskInstance: defi_data_pipeline.transformed_to_datetime scheduled__2024-04-07T11:01:00+00:00 [running]> on host aa86d21a7ebc
[2024-04-07T12:01:04.060+0000] {taskinstance.py:2481} INFO - Exporting env vars: AIRFLOW_CTX_DAG_OWNER='***' AIRFLOW_CTX_DAG_ID='defi_data_pipeline' AIRFLOW_CTX_TASK_ID='transformed_to_datetime' AIRFLOW_CTX_EXECUTION_DATE='2024-04-07T11:01:00+00:00' AIRFLOW_CTX_TRY_NUMBER='1' AIRFLOW_CTX_DAG_RUN_ID='scheduled__2024-04-07T11:01:00+00:00'
[2024-04-07T12:01:04.071+0000] {python.py:201} INFO - Done. Returned value was:   token_name          usd  ...  last_updated_at           updated_dt
0    bitcoin  69375.49885  ...     1.712491e+09  2024-04-07 12:00:45
1   ethereum   3391.38232  ...     1.712491e+09  2024-04-07 12:00:33
2   marscoin      0.09649  ...     1.712491e+09  2024-04-07 11:57:19
3     solana    180.70572  ...     1.712491e+09  2024-04-07 12:00:27

[4 rows x 7 columns]
[2024-04-07T12:01:04.136+0000] {taskinstance.py:1138} INFO - Marking task as SUCCESS. dag_id=defi_data_pipeline, task_id=transformed_to_datetime, execution_date=20240407T110100, start_date=20240407T120103, end_date=20240407T120104
[2024-04-07T12:01:04.174+0000] {local_task_job_runner.py:234} INFO - Task exited with return code 0
[2024-04-07T12:01:04.202+0000] {taskinstance.py:3281} INFO - 1 downstream tasks scheduled from follow-on schedule check
[2024-04-07T12:20:59.367+0000] {taskinstance.py:1957} INFO - Dependencies all met for dep_context=non-requeueable deps ti=<TaskInstance: defi_data_pipeline.transformed_to_datetime scheduled__2024-04-07T11:01:00+00:00 [queued]>
[2024-04-07T12:20:59.380+0000] {taskinstance.py:1957} INFO - Dependencies all met for dep_context=requeueable deps ti=<TaskInstance: defi_data_pipeline.transformed_to_datetime scheduled__2024-04-07T11:01:00+00:00 [queued]>
[2024-04-07T12:20:59.381+0000] {taskinstance.py:2171} INFO - Starting attempt 1 of 1
[2024-04-07T12:20:59.622+0000] {taskinstance.py:2192} INFO - Executing <Task(_PythonDecoratedOperator): transformed_to_datetime> on 2024-04-07 11:01:00+00:00
[2024-04-07T12:20:59.630+0000] {standard_task_runner.py:60} INFO - Started process 35962 to run task
[2024-04-07T12:20:59.637+0000] {standard_task_runner.py:87} INFO - Running: ['***', 'tasks', 'run', 'defi_data_pipeline', 'transformed_to_datetime', 'scheduled__2024-04-07T11:01:00+00:00', '--job-id', '384', '--raw', '--subdir', 'DAGS_FOLDER/_etl.py', '--cfg-path', '/tmp/tmpw3t0063q']
[2024-04-07T12:20:59.641+0000] {standard_task_runner.py:88} INFO - Job 384: Subtask transformed_to_datetime
[2024-04-07T12:20:59.672+0000] {logging_mixin.py:188} WARNING - /home/***/.local/lib/python3.8/site-packages/***/settings.py:195 DeprecationWarning: The sql_alchemy_conn option in [core] has been moved to the sql_alchemy_conn option in [database] - the old setting has been used, but please update your config.
[2024-04-07T12:20:59.718+0000] {task_command.py:423} INFO - Running <TaskInstance: defi_data_pipeline.transformed_to_datetime scheduled__2024-04-07T11:01:00+00:00 [running]> on host aa86d21a7ebc
[2024-04-07T12:20:59.837+0000] {taskinstance.py:2481} INFO - Exporting env vars: AIRFLOW_CTX_DAG_OWNER='***' AIRFLOW_CTX_DAG_ID='defi_data_pipeline' AIRFLOW_CTX_TASK_ID='transformed_to_datetime' AIRFLOW_CTX_EXECUTION_DATE='2024-04-07T11:01:00+00:00' AIRFLOW_CTX_TRY_NUMBER='1' AIRFLOW_CTX_DAG_RUN_ID='scheduled__2024-04-07T11:01:00+00:00'
[2024-04-07T12:20:59.852+0000] {python.py:201} INFO - Done. Returned value was:   token_name          usd  ...  last_updated_at           updated_dt
0    bitcoin  69333.74454  ...     1.712492e+09  2024-04-07 12:20:32
1   ethereum   3389.10122  ...     1.712492e+09  2024-04-07 12:20:34
2   marscoin      0.09647  ...     1.712492e+09  2024-04-07 12:13:40
3     solana    180.44217  ...     1.712492e+09  2024-04-07 12:20:24

[4 rows x 7 columns]
[2024-04-07T12:20:59.930+0000] {taskinstance.py:1138} INFO - Marking task as SUCCESS. dag_id=defi_data_pipeline, task_id=transformed_to_datetime, execution_date=20240407T110100, start_date=20240407T122059, end_date=20240407T122059
[2024-04-07T12:20:59.971+0000] {local_task_job_runner.py:234} INFO - Task exited with return code 0
[2024-04-07T12:20:59.999+0000] {taskinstance.py:3281} INFO - 1 downstream tasks scheduled from follow-on schedule check
[2024-04-07T12:37:02.962+0000] {taskinstance.py:1957} INFO - Dependencies all met for dep_context=non-requeueable deps ti=<TaskInstance: defi_data_pipeline.transformed_to_datetime scheduled__2024-04-07T11:01:00+00:00 [queued]>
[2024-04-07T12:37:02.985+0000] {taskinstance.py:1957} INFO - Dependencies all met for dep_context=requeueable deps ti=<TaskInstance: defi_data_pipeline.transformed_to_datetime scheduled__2024-04-07T11:01:00+00:00 [queued]>
[2024-04-07T12:37:02.986+0000] {taskinstance.py:2171} INFO - Starting attempt 1 of 1
[2024-04-07T12:37:03.256+0000] {taskinstance.py:2192} INFO - Executing <Task(_PythonDecoratedOperator): transformed_to_datetime> on 2024-04-07 11:01:00+00:00
[2024-04-07T12:37:03.264+0000] {standard_task_runner.py:60} INFO - Started process 37040 to run task
[2024-04-07T12:37:03.272+0000] {standard_task_runner.py:87} INFO - Running: ['***', 'tasks', 'run', 'defi_data_pipeline', 'transformed_to_datetime', 'scheduled__2024-04-07T11:01:00+00:00', '--job-id', '393', '--raw', '--subdir', 'DAGS_FOLDER/_etl.py', '--cfg-path', '/tmp/tmpec4_b_zt']
[2024-04-07T12:37:03.286+0000] {standard_task_runner.py:88} INFO - Job 393: Subtask transformed_to_datetime
[2024-04-07T12:37:03.319+0000] {logging_mixin.py:188} WARNING - /home/***/.local/lib/python3.8/site-packages/***/settings.py:195 DeprecationWarning: The sql_alchemy_conn option in [core] has been moved to the sql_alchemy_conn option in [database] - the old setting has been used, but please update your config.
[2024-04-07T12:37:03.385+0000] {task_command.py:423} INFO - Running <TaskInstance: defi_data_pipeline.transformed_to_datetime scheduled__2024-04-07T11:01:00+00:00 [running]> on host aa86d21a7ebc
[2024-04-07T12:37:03.525+0000] {taskinstance.py:2481} INFO - Exporting env vars: AIRFLOW_CTX_DAG_OWNER='***' AIRFLOW_CTX_DAG_ID='defi_data_pipeline' AIRFLOW_CTX_TASK_ID='transformed_to_datetime' AIRFLOW_CTX_EXECUTION_DATE='2024-04-07T11:01:00+00:00' AIRFLOW_CTX_TRY_NUMBER='1' AIRFLOW_CTX_DAG_RUN_ID='scheduled__2024-04-07T11:01:00+00:00'
[2024-04-07T12:37:03.537+0000] {python.py:201} INFO - Done. Returned value was:   token_name          usd  ...  last_updated_at           updated_dt
0    bitcoin  69289.32852  ...     1.712493e+09  2024-04-07 12:35:54
1   ethereum   3387.77502  ...     1.712493e+09  2024-04-07 12:36:23
2   marscoin      0.09644  ...     1.712493e+09  2024-04-07 12:30:31
3     solana    180.23502  ...     1.712493e+09  2024-04-07 12:36:47

[4 rows x 7 columns]
[2024-04-07T12:37:03.598+0000] {taskinstance.py:1138} INFO - Marking task as SUCCESS. dag_id=defi_data_pipeline, task_id=transformed_to_datetime, execution_date=20240407T110100, start_date=20240407T123702, end_date=20240407T123703
[2024-04-07T12:37:03.655+0000] {local_task_job_runner.py:234} INFO - Task exited with return code 0
[2024-04-07T12:37:03.696+0000] {taskinstance.py:3281} INFO - 1 downstream tasks scheduled from follow-on schedule check
