[2024-04-07T11:01:01.371+0000] {taskinstance.py:1957} INFO - Dependencies all met for dep_context=non-requeueable deps ti=<TaskInstance: defi_data_pipeline.get_token_data scheduled__2024-04-07T10:01:00+00:00 [queued]>
[2024-04-07T11:01:01.394+0000] {taskinstance.py:1957} INFO - Dependencies all met for dep_context=requeueable deps ti=<TaskInstance: defi_data_pipeline.get_token_data scheduled__2024-04-07T10:01:00+00:00 [queued]>
[2024-04-07T11:01:01.395+0000] {taskinstance.py:2171} INFO - Starting attempt 1 of 1
[2024-04-07T11:01:01.773+0000] {taskinstance.py:2192} INFO - Executing <Task(_PythonDecoratedOperator): get_token_data> on 2024-04-07 10:01:00+00:00
[2024-04-07T11:01:01.784+0000] {standard_task_runner.py:60} INFO - Started process 30852 to run task
[2024-04-07T11:01:01.790+0000] {standard_task_runner.py:87} INFO - Running: ['***', 'tasks', 'run', 'defi_data_pipeline', 'get_token_data', 'scheduled__2024-04-07T10:01:00+00:00', '--job-id', '360', '--raw', '--subdir', 'DAGS_FOLDER/_etl.py', '--cfg-path', '/tmp/tmprkd5t2ri']
[2024-04-07T11:01:01.800+0000] {standard_task_runner.py:88} INFO - Job 360: Subtask get_token_data
[2024-04-07T11:01:01.830+0000] {logging_mixin.py:188} WARNING - /home/***/.local/lib/python3.8/site-packages/***/settings.py:195 DeprecationWarning: The sql_alchemy_conn option in [core] has been moved to the sql_alchemy_conn option in [database] - the old setting has been used, but please update your config.
[2024-04-07T11:01:01.898+0000] {task_command.py:423} INFO - Running <TaskInstance: defi_data_pipeline.get_token_data scheduled__2024-04-07T10:01:00+00:00 [running]> on host aa86d21a7ebc
[2024-04-07T11:01:02.102+0000] {taskinstance.py:2481} INFO - Exporting env vars: AIRFLOW_CTX_DAG_OWNER='***' AIRFLOW_CTX_DAG_ID='defi_data_pipeline' AIRFLOW_CTX_TASK_ID='get_token_data' AIRFLOW_CTX_EXECUTION_DATE='2024-04-07T10:01:00+00:00' AIRFLOW_CTX_TRY_NUMBER='1' AIRFLOW_CTX_DAG_RUN_ID='scheduled__2024-04-07T10:01:00+00:00'
[2024-04-07T11:01:02.812+0000] {python.py:201} INFO - Done. Returned value was: {'bitcoin': {'usd': 69343.79602, 'usd_market_cap': 1364392928066.917, 'usd_24h_vol': 19228291422.503998, 'usd_24h_change': 2.1704968181429427, 'last_updated_at': 1712487624}, 'ethereum': {'usd': 3389.53107, 'usd_market_cap': 406937016287.59503, 'usd_24h_vol': 8861428323.536884, 'usd_24h_change': 1.415576700977529, 'last_updated_at': 1712487639}, 'marscoin': {'usd': 0.09663, 'usd_market_cap': 0.0, 'usd_24h_vol': 1892.6564256107054, 'usd_24h_change': -3.459508131824595, 'last_updated_at': 1712487550}, 'solana': {'usd': 180.26978, 'usd_market_cap': 80325237916.40274, 'usd_24h_vol': 2217101958.8608813, 'usd_24h_change': 2.242336361871749, 'last_updated_at': 1712487631}}
[2024-04-07T11:01:02.932+0000] {taskinstance.py:1138} INFO - Marking task as SUCCESS. dag_id=defi_data_pipeline, task_id=get_token_data, execution_date=20240407T100100, start_date=20240407T110101, end_date=20240407T110102
[2024-04-07T11:01:02.982+0000] {local_task_job_runner.py:234} INFO - Task exited with return code 0
[2024-04-07T11:01:03.009+0000] {taskinstance.py:3281} INFO - 0 downstream tasks scheduled from follow-on schedule check
[2024-04-07T11:24:36.050+0000] {taskinstance.py:1957} INFO - Dependencies all met for dep_context=non-requeueable deps ti=<TaskInstance: defi_data_pipeline.get_token_data scheduled__2024-04-07T10:01:00+00:00 [queued]>
[2024-04-07T11:24:36.194+0000] {taskinstance.py:1957} INFO - Dependencies all met for dep_context=requeueable deps ti=<TaskInstance: defi_data_pipeline.get_token_data scheduled__2024-04-07T10:01:00+00:00 [queued]>
[2024-04-07T11:24:36.203+0000] {taskinstance.py:2171} INFO - Starting attempt 1 of 1
[2024-04-07T11:24:37.064+0000] {taskinstance.py:2192} INFO - Executing <Task(_PythonDecoratedOperator): get_token_data> on 2024-04-07 10:01:00+00:00
[2024-04-07T11:24:37.083+0000] {standard_task_runner.py:60} INFO - Started process 32349 to run task
[2024-04-07T11:24:37.115+0000] {standard_task_runner.py:87} INFO - Running: ['***', 'tasks', 'run', 'defi_data_pipeline', 'get_token_data', 'scheduled__2024-04-07T10:01:00+00:00', '--job-id', '364', '--raw', '--subdir', 'DAGS_FOLDER/_etl.py', '--cfg-path', '/tmp/tmppwr5ws6k']
[2024-04-07T11:24:37.121+0000] {standard_task_runner.py:88} INFO - Job 364: Subtask get_token_data
[2024-04-07T11:24:37.257+0000] {logging_mixin.py:188} WARNING - /home/***/.local/lib/python3.8/site-packages/***/settings.py:195 DeprecationWarning: The sql_alchemy_conn option in [core] has been moved to the sql_alchemy_conn option in [database] - the old setting has been used, but please update your config.
[2024-04-07T11:24:37.426+0000] {task_command.py:423} INFO - Running <TaskInstance: defi_data_pipeline.get_token_data scheduled__2024-04-07T10:01:00+00:00 [running]> on host aa86d21a7ebc
[2024-04-07T11:24:37.754+0000] {taskinstance.py:2481} INFO - Exporting env vars: AIRFLOW_CTX_DAG_OWNER='***' AIRFLOW_CTX_DAG_ID='defi_data_pipeline' AIRFLOW_CTX_TASK_ID='get_token_data' AIRFLOW_CTX_EXECUTION_DATE='2024-04-07T10:01:00+00:00' AIRFLOW_CTX_TRY_NUMBER='1' AIRFLOW_CTX_DAG_RUN_ID='scheduled__2024-04-07T10:01:00+00:00'
[2024-04-07T11:24:38.513+0000] {python.py:201} INFO - Done. Returned value was: {'bitcoin': {'usd': 69363.54754, 'usd_market_cap': 1362485257343.5173, 'usd_24h_vol': 17503360953.857548, 'usd_24h_change': 2.3613429899483815, 'last_updated_at': 1712489051}, 'ethereum': {'usd': 3392.22126, 'usd_market_cap': 406697098611.2877, 'usd_24h_vol': 8861604722.193161, 'usd_24h_change': 1.6104960867691303, 'last_updated_at': 1712489066}, 'marscoin': {'usd': 0.09646, 'usd_market_cap': 0.0, 'usd_24h_vol': 1900.14337896405, 'usd_24h_change': -3.330454795633406, 'last_updated_at': 1712488720}, 'solana': {'usd': 180.4827, 'usd_market_cap': 80394936376.47398, 'usd_24h_vol': 2238160006.912159, 'usd_24h_change': 2.520036570714732, 'last_updated_at': 1712489060}}
[2024-04-07T11:24:38.772+0000] {taskinstance.py:1138} INFO - Marking task as SUCCESS. dag_id=defi_data_pipeline, task_id=get_token_data, execution_date=20240407T100100, start_date=20240407T112436, end_date=20240407T112438
[2024-04-07T11:24:38.860+0000] {local_task_job_runner.py:234} INFO - Task exited with return code 0
[2024-04-07T11:24:38.900+0000] {taskinstance.py:3281} INFO - 0 downstream tasks scheduled from follow-on schedule check
[2024-04-07T11:33:43.324+0000] {taskinstance.py:1957} INFO - Dependencies all met for dep_context=non-requeueable deps ti=<TaskInstance: defi_data_pipeline.get_token_data scheduled__2024-04-07T10:01:00+00:00 [queued]>
[2024-04-07T11:33:43.343+0000] {taskinstance.py:1957} INFO - Dependencies all met for dep_context=requeueable deps ti=<TaskInstance: defi_data_pipeline.get_token_data scheduled__2024-04-07T10:01:00+00:00 [queued]>
[2024-04-07T11:33:43.344+0000] {taskinstance.py:2171} INFO - Starting attempt 1 of 1
[2024-04-07T11:33:45.071+0000] {taskinstance.py:2192} INFO - Executing <Task(_PythonDecoratedOperator): get_token_data> on 2024-04-07 10:01:00+00:00
[2024-04-07T11:33:45.081+0000] {standard_task_runner.py:60} INFO - Started process 32928 to run task
[2024-04-07T11:33:45.087+0000] {standard_task_runner.py:87} INFO - Running: ['***', 'tasks', 'run', 'defi_data_pipeline', 'get_token_data', 'scheduled__2024-04-07T10:01:00+00:00', '--job-id', '367', '--raw', '--subdir', 'DAGS_FOLDER/_etl.py', '--cfg-path', '/tmp/tmpwowsqey5']
[2024-04-07T11:33:45.097+0000] {standard_task_runner.py:88} INFO - Job 367: Subtask get_token_data
[2024-04-07T11:33:45.136+0000] {logging_mixin.py:188} WARNING - /home/***/.local/lib/python3.8/site-packages/***/settings.py:195 DeprecationWarning: The sql_alchemy_conn option in [core] has been moved to the sql_alchemy_conn option in [database] - the old setting has been used, but please update your config.
[2024-04-07T11:33:45.251+0000] {task_command.py:423} INFO - Running <TaskInstance: defi_data_pipeline.get_token_data scheduled__2024-04-07T10:01:00+00:00 [running]> on host aa86d21a7ebc
[2024-04-07T11:33:45.441+0000] {taskinstance.py:2481} INFO - Exporting env vars: AIRFLOW_CTX_DAG_OWNER='***' AIRFLOW_CTX_DAG_ID='defi_data_pipeline' AIRFLOW_CTX_TASK_ID='get_token_data' AIRFLOW_CTX_EXECUTION_DATE='2024-04-07T10:01:00+00:00' AIRFLOW_CTX_TRY_NUMBER='1' AIRFLOW_CTX_DAG_RUN_ID='scheduled__2024-04-07T10:01:00+00:00'
[2024-04-07T11:33:47.160+0000] {python.py:201} INFO - Done. Returned value was: {}
[2024-04-07T11:33:47.206+0000] {taskinstance.py:1138} INFO - Marking task as SUCCESS. dag_id=defi_data_pipeline, task_id=get_token_data, execution_date=20240407T100100, start_date=20240407T113343, end_date=20240407T113347
[2024-04-07T11:33:47.243+0000] {local_task_job_runner.py:234} INFO - Task exited with return code 0
[2024-04-07T11:33:47.280+0000] {taskinstance.py:3281} INFO - 0 downstream tasks scheduled from follow-on schedule check
