[2024-04-07T12:01:01.235+0000] {taskinstance.py:1957} INFO - Dependencies all met for dep_context=non-requeueable deps ti=<TaskInstance: defi_data_pipeline.get_token_data scheduled__2024-04-07T11:01:00+00:00 [queued]>
[2024-04-07T12:01:01.252+0000] {taskinstance.py:1957} INFO - Dependencies all met for dep_context=requeueable deps ti=<TaskInstance: defi_data_pipeline.get_token_data scheduled__2024-04-07T11:01:00+00:00 [queued]>
[2024-04-07T12:01:01.252+0000] {taskinstance.py:2171} INFO - Starting attempt 1 of 1
[2024-04-07T12:01:01.443+0000] {taskinstance.py:2192} INFO - Executing <Task(_PythonDecoratedOperator): get_token_data> on 2024-04-07 11:01:00+00:00
[2024-04-07T12:01:01.450+0000] {standard_task_runner.py:60} INFO - Started process 34714 to run task
[2024-04-07T12:01:01.457+0000] {standard_task_runner.py:87} INFO - Running: ['***', 'tasks', 'run', 'defi_data_pipeline', 'get_token_data', 'scheduled__2024-04-07T11:01:00+00:00', '--job-id', '374', '--raw', '--subdir', 'DAGS_FOLDER/_etl.py', '--cfg-path', '/tmp/tmpfll3fa79']
[2024-04-07T12:01:01.461+0000] {standard_task_runner.py:88} INFO - Job 374: Subtask get_token_data
[2024-04-07T12:01:01.485+0000] {logging_mixin.py:188} WARNING - /home/***/.local/lib/python3.8/site-packages/***/settings.py:195 DeprecationWarning: The sql_alchemy_conn option in [core] has been moved to the sql_alchemy_conn option in [database] - the old setting has been used, but please update your config.
[2024-04-07T12:01:01.539+0000] {task_command.py:423} INFO - Running <TaskInstance: defi_data_pipeline.get_token_data scheduled__2024-04-07T11:01:00+00:00 [running]> on host aa86d21a7ebc
[2024-04-07T12:01:01.656+0000] {taskinstance.py:2481} INFO - Exporting env vars: AIRFLOW_CTX_DAG_OWNER='***' AIRFLOW_CTX_DAG_ID='defi_data_pipeline' AIRFLOW_CTX_TASK_ID='get_token_data' AIRFLOW_CTX_EXECUTION_DATE='2024-04-07T11:01:00+00:00' AIRFLOW_CTX_TRY_NUMBER='1' AIRFLOW_CTX_DAG_RUN_ID='scheduled__2024-04-07T11:01:00+00:00'
[2024-04-07T12:01:02.081+0000] {python.py:201} INFO - Done. Returned value was: {'bitcoin': {'usd': 69375.49885, 'usd_market_cap': 1364980415379.655, 'usd_24h_vol': 15929155843.96329, 'usd_24h_change': 2.483621424385671, 'last_updated_at': 1712491245}, 'ethereum': {'usd': 3391.38232, 'usd_market_cap': 407190204517.7918, 'usd_24h_vol': 8675988232.857574, 'usd_24h_change': 1.768636998842416, 'last_updated_at': 1712491233}, 'marscoin': {'usd': 0.09649, 'usd_market_cap': 0.0, 'usd_24h_vol': 1900.7856398950178, 'usd_24h_change': -3.4806735819642096, 'last_updated_at': 1712491039}, 'solana': {'usd': 180.70572, 'usd_market_cap': 80519416215.14667, 'usd_24h_vol': 2227485910.3415055, 'usd_24h_change': 2.7674371890207596, 'last_updated_at': 1712491227}}
[2024-04-07T12:01:02.221+0000] {taskinstance.py:1138} INFO - Marking task as SUCCESS. dag_id=defi_data_pipeline, task_id=get_token_data, execution_date=20240407T110100, start_date=20240407T120101, end_date=20240407T120102
[2024-04-07T12:01:02.274+0000] {local_task_job_runner.py:234} INFO - Task exited with return code 0
[2024-04-07T12:01:02.312+0000] {taskinstance.py:3281} INFO - 1 downstream tasks scheduled from follow-on schedule check
[2024-04-07T12:20:53.317+0000] {taskinstance.py:1957} INFO - Dependencies all met for dep_context=non-requeueable deps ti=<TaskInstance: defi_data_pipeline.get_token_data scheduled__2024-04-07T11:01:00+00:00 [queued]>
[2024-04-07T12:20:53.339+0000] {taskinstance.py:1957} INFO - Dependencies all met for dep_context=requeueable deps ti=<TaskInstance: defi_data_pipeline.get_token_data scheduled__2024-04-07T11:01:00+00:00 [queued]>
[2024-04-07T12:20:53.340+0000] {taskinstance.py:2171} INFO - Starting attempt 1 of 1
[2024-04-07T12:20:56.441+0000] {taskinstance.py:2192} INFO - Executing <Task(_PythonDecoratedOperator): get_token_data> on 2024-04-07 11:01:00+00:00
[2024-04-07T12:20:56.460+0000] {standard_task_runner.py:60} INFO - Started process 35959 to run task
[2024-04-07T12:20:56.470+0000] {standard_task_runner.py:87} INFO - Running: ['***', 'tasks', 'run', 'defi_data_pipeline', 'get_token_data', 'scheduled__2024-04-07T11:01:00+00:00', '--job-id', '383', '--raw', '--subdir', 'DAGS_FOLDER/_etl.py', '--cfg-path', '/tmp/tmp9iouyvqb']
[2024-04-07T12:20:56.483+0000] {standard_task_runner.py:88} INFO - Job 383: Subtask get_token_data
[2024-04-07T12:20:56.540+0000] {logging_mixin.py:188} WARNING - /home/***/.local/lib/python3.8/site-packages/***/settings.py:195 DeprecationWarning: The sql_alchemy_conn option in [core] has been moved to the sql_alchemy_conn option in [database] - the old setting has been used, but please update your config.
[2024-04-07T12:20:56.649+0000] {task_command.py:423} INFO - Running <TaskInstance: defi_data_pipeline.get_token_data scheduled__2024-04-07T11:01:00+00:00 [running]> on host aa86d21a7ebc
[2024-04-07T12:20:56.803+0000] {taskinstance.py:2481} INFO - Exporting env vars: AIRFLOW_CTX_DAG_OWNER='***' AIRFLOW_CTX_DAG_ID='defi_data_pipeline' AIRFLOW_CTX_TASK_ID='get_token_data' AIRFLOW_CTX_EXECUTION_DATE='2024-04-07T11:01:00+00:00' AIRFLOW_CTX_TRY_NUMBER='1' AIRFLOW_CTX_DAG_RUN_ID='scheduled__2024-04-07T11:01:00+00:00'
[2024-04-07T12:20:57.477+0000] {python.py:201} INFO - Done. Returned value was: {'bitcoin': {'usd': 69333.74454, 'usd_market_cap': 1364198138908.607, 'usd_24h_vol': 19015155032.340317, 'usd_24h_change': 2.3830345180128822, 'last_updated_at': 1712492432}, 'ethereum': {'usd': 3389.10122, 'usd_market_cap': 406710446311.8868, 'usd_24h_vol': 8694377505.557379, 'usd_24h_change': 1.7469345989211171, 'last_updated_at': 1712492434}, 'marscoin': {'usd': 0.09647, 'usd_market_cap': 0.0, 'usd_24h_vol': 1900.174757936748, 'usd_24h_change': -3.6228600125462465, 'last_updated_at': 1712492020}, 'solana': {'usd': 180.44217, 'usd_market_cap': 80447359878.03563, 'usd_24h_vol': 2235728648.839917, 'usd_24h_change': 2.5416850594045335, 'last_updated_at': 1712492424}}
[2024-04-07T12:20:57.588+0000] {taskinstance.py:1138} INFO - Marking task as SUCCESS. dag_id=defi_data_pipeline, task_id=get_token_data, execution_date=20240407T110100, start_date=20240407T122053, end_date=20240407T122057
[2024-04-07T12:20:57.623+0000] {local_task_job_runner.py:234} INFO - Task exited with return code 0
[2024-04-07T12:20:57.673+0000] {taskinstance.py:3281} INFO - 1 downstream tasks scheduled from follow-on schedule check
[2024-04-07T12:36:59.553+0000] {taskinstance.py:1957} INFO - Dependencies all met for dep_context=non-requeueable deps ti=<TaskInstance: defi_data_pipeline.get_token_data scheduled__2024-04-07T11:01:00+00:00 [queued]>
[2024-04-07T12:36:59.567+0000] {taskinstance.py:1957} INFO - Dependencies all met for dep_context=requeueable deps ti=<TaskInstance: defi_data_pipeline.get_token_data scheduled__2024-04-07T11:01:00+00:00 [queued]>
[2024-04-07T12:36:59.567+0000] {taskinstance.py:2171} INFO - Starting attempt 1 of 1
[2024-04-07T12:36:59.818+0000] {taskinstance.py:2192} INFO - Executing <Task(_PythonDecoratedOperator): get_token_data> on 2024-04-07 11:01:00+00:00
[2024-04-07T12:36:59.825+0000] {standard_task_runner.py:60} INFO - Started process 37037 to run task
[2024-04-07T12:36:59.830+0000] {standard_task_runner.py:87} INFO - Running: ['***', 'tasks', 'run', 'defi_data_pipeline', 'get_token_data', 'scheduled__2024-04-07T11:01:00+00:00', '--job-id', '392', '--raw', '--subdir', 'DAGS_FOLDER/_etl.py', '--cfg-path', '/tmp/tmpw254uhpn']
[2024-04-07T12:36:59.835+0000] {standard_task_runner.py:88} INFO - Job 392: Subtask get_token_data
[2024-04-07T12:36:59.859+0000] {logging_mixin.py:188} WARNING - /home/***/.local/lib/python3.8/site-packages/***/settings.py:195 DeprecationWarning: The sql_alchemy_conn option in [core] has been moved to the sql_alchemy_conn option in [database] - the old setting has been used, but please update your config.
[2024-04-07T12:36:59.906+0000] {task_command.py:423} INFO - Running <TaskInstance: defi_data_pipeline.get_token_data scheduled__2024-04-07T11:01:00+00:00 [running]> on host aa86d21a7ebc
[2024-04-07T12:37:00.021+0000] {taskinstance.py:2481} INFO - Exporting env vars: AIRFLOW_CTX_DAG_OWNER='***' AIRFLOW_CTX_DAG_ID='defi_data_pipeline' AIRFLOW_CTX_TASK_ID='get_token_data' AIRFLOW_CTX_EXECUTION_DATE='2024-04-07T11:01:00+00:00' AIRFLOW_CTX_TRY_NUMBER='1' AIRFLOW_CTX_DAG_RUN_ID='scheduled__2024-04-07T11:01:00+00:00'
[2024-04-07T12:37:00.717+0000] {python.py:201} INFO - Done. Returned value was: {'bitcoin': {'usd': 69289.32852, 'usd_market_cap': 1363018218722.3284, 'usd_24h_vol': 18791695981.231377, 'usd_24h_change': 2.25468956548165, 'last_updated_at': 1712493354}, 'ethereum': {'usd': 3387.77502, 'usd_market_cap': 406605531226.2441, 'usd_24h_vol': 8709380824.139875, 'usd_24h_change': 1.5855240913889574, 'last_updated_at': 1712493383}, 'marscoin': {'usd': 0.09644, 'usd_market_cap': 0.0, 'usd_24h_vol': 1870.7810377215253, 'usd_24h_change': -3.379243667190187, 'last_updated_at': 1712493031}, 'solana': {'usd': 180.23502, 'usd_market_cap': 80206184946.25409, 'usd_24h_vol': 2234865082.194034, 'usd_24h_change': 2.5878663093846868, 'last_updated_at': 1712493407}}
[2024-04-07T12:37:00.840+0000] {taskinstance.py:1138} INFO - Marking task as SUCCESS. dag_id=defi_data_pipeline, task_id=get_token_data, execution_date=20240407T110100, start_date=20240407T123659, end_date=20240407T123700
[2024-04-07T12:37:00.886+0000] {local_task_job_runner.py:234} INFO - Task exited with return code 0
[2024-04-07T12:37:00.925+0000] {taskinstance.py:3281} INFO - 1 downstream tasks scheduled from follow-on schedule check
