[2024-04-06T23:01:01.630+0000] {taskinstance.py:1957} INFO - Dependencies all met for dep_context=non-requeueable deps ti=<TaskInstance: defi_data_pipeline.get_token_data scheduled__2024-04-06T22:01:00+00:00 [queued]>
[2024-04-06T23:01:01.648+0000] {taskinstance.py:1957} INFO - Dependencies all met for dep_context=requeueable deps ti=<TaskInstance: defi_data_pipeline.get_token_data scheduled__2024-04-06T22:01:00+00:00 [queued]>
[2024-04-06T23:01:01.648+0000] {taskinstance.py:2171} INFO - Starting attempt 1 of 1
[2024-04-06T23:01:02.025+0000] {taskinstance.py:2192} INFO - Executing <Task(_PythonDecoratedOperator): get_token_data> on 2024-04-06 22:01:00+00:00
[2024-04-06T23:01:02.033+0000] {standard_task_runner.py:60} INFO - Started process 13070 to run task
[2024-04-06T23:01:02.041+0000] {standard_task_runner.py:87} INFO - Running: ['***', 'tasks', 'run', 'defi_data_pipeline', 'get_token_data', 'scheduled__2024-04-06T22:01:00+00:00', '--job-id', '320', '--raw', '--subdir', 'DAGS_FOLDER/_etl.py', '--cfg-path', '/tmp/tmp3ryhxvry']
[2024-04-06T23:01:02.046+0000] {standard_task_runner.py:88} INFO - Job 320: Subtask get_token_data
[2024-04-06T23:01:02.084+0000] {logging_mixin.py:188} WARNING - /home/***/.local/lib/python3.8/site-packages/***/settings.py:195 DeprecationWarning: The sql_alchemy_conn option in [core] has been moved to the sql_alchemy_conn option in [database] - the old setting has been used, but please update your config.
[2024-04-06T23:01:02.152+0000] {task_command.py:423} INFO - Running <TaskInstance: defi_data_pipeline.get_token_data scheduled__2024-04-06T22:01:00+00:00 [running]> on host aa86d21a7ebc
[2024-04-06T23:01:02.389+0000] {taskinstance.py:2481} INFO - Exporting env vars: AIRFLOW_CTX_DAG_OWNER='***' AIRFLOW_CTX_DAG_ID='defi_data_pipeline' AIRFLOW_CTX_TASK_ID='get_token_data' AIRFLOW_CTX_EXECUTION_DATE='2024-04-06T22:01:00+00:00' AIRFLOW_CTX_TRY_NUMBER='1' AIRFLOW_CTX_DAG_RUN_ID='scheduled__2024-04-06T22:01:00+00:00'
[2024-04-06T23:01:02.892+0000] {python.py:201} INFO - Done. Returned value was: {'bitcoin': {'usd': 69021.31878, 'usd_market_cap': 1352386473174.4788, 'usd_24h_vol': 18265116854.656666, 'usd_24h_change': 1.9013383096260592, 'last_updated_at': 1712444322}, 'ethereum': {'usd': 3376.25607, 'usd_market_cap': 403984416828.8733, 'usd_24h_vol': 8712275464.897305, 'usd_24h_change': 1.6662355957886688, 'last_updated_at': 1712444326}, 'marscoin': {'usd': 0.09961, 'usd_market_cap': 0.0, 'usd_24h_vol': 1782.684145168328, 'usd_24h_change': 0.5783352736186308, 'last_updated_at': 1712444339}, 'solana': {'usd': 178.4671, 'usd_market_cap': 79458657631.55786, 'usd_24h_vol': 5076301740.577351, 'usd_24h_change': 1.950103784048834, 'last_updated_at': 1712444341}}
[2024-04-06T23:01:03.041+0000] {taskinstance.py:1138} INFO - Marking task as SUCCESS. dag_id=defi_data_pipeline, task_id=get_token_data, execution_date=20240406T220100, start_date=20240406T230101, end_date=20240406T230103
[2024-04-06T23:01:03.103+0000] {local_task_job_runner.py:234} INFO - Task exited with return code 0
[2024-04-06T23:01:03.140+0000] {taskinstance.py:3281} INFO - 1 downstream tasks scheduled from follow-on schedule check
[2024-04-06T23:07:10.195+0000] {taskinstance.py:1957} INFO - Dependencies all met for dep_context=non-requeueable deps ti=<TaskInstance: defi_data_pipeline.get_token_data scheduled__2024-04-06T22:01:00+00:00 [queued]>
[2024-04-06T23:07:10.240+0000] {taskinstance.py:1957} INFO - Dependencies all met for dep_context=requeueable deps ti=<TaskInstance: defi_data_pipeline.get_token_data scheduled__2024-04-06T22:01:00+00:00 [queued]>
[2024-04-06T23:07:10.242+0000] {taskinstance.py:2171} INFO - Starting attempt 1 of 1
[2024-04-06T23:07:11.013+0000] {taskinstance.py:2192} INFO - Executing <Task(_PythonDecoratedOperator): get_token_data> on 2024-04-06 22:01:00+00:00
[2024-04-06T23:07:11.059+0000] {standard_task_runner.py:60} INFO - Started process 13455 to run task
[2024-04-06T23:07:11.077+0000] {standard_task_runner.py:87} INFO - Running: ['***', 'tasks', 'run', 'defi_data_pipeline', 'get_token_data', 'scheduled__2024-04-06T22:01:00+00:00', '--job-id', '323', '--raw', '--subdir', 'DAGS_FOLDER/_etl.py', '--cfg-path', '/tmp/tmpcbs5r5k2']
[2024-04-06T23:07:11.082+0000] {standard_task_runner.py:88} INFO - Job 323: Subtask get_token_data
[2024-04-06T23:07:11.149+0000] {logging_mixin.py:188} WARNING - /home/***/.local/lib/python3.8/site-packages/***/settings.py:195 DeprecationWarning: The sql_alchemy_conn option in [core] has been moved to the sql_alchemy_conn option in [database] - the old setting has been used, but please update your config.
[2024-04-06T23:07:11.251+0000] {task_command.py:423} INFO - Running <TaskInstance: defi_data_pipeline.get_token_data scheduled__2024-04-06T22:01:00+00:00 [running]> on host aa86d21a7ebc
[2024-04-06T23:07:11.552+0000] {taskinstance.py:2481} INFO - Exporting env vars: AIRFLOW_CTX_DAG_OWNER='***' AIRFLOW_CTX_DAG_ID='defi_data_pipeline' AIRFLOW_CTX_TASK_ID='get_token_data' AIRFLOW_CTX_EXECUTION_DATE='2024-04-06T22:01:00+00:00' AIRFLOW_CTX_TRY_NUMBER='1' AIRFLOW_CTX_DAG_RUN_ID='scheduled__2024-04-06T22:01:00+00:00'
[2024-04-06T23:07:12.462+0000] {python.py:201} INFO - Done. Returned value was: {'bitcoin': {'usd': 69320.86492, 'usd_market_cap': 1358569944459.5886, 'usd_24h_vol': 18148095220.5217, 'usd_24h_change': 2.2542768560255073, 'last_updated_at': 1712444822}, 'ethereum': {'usd': 3389.87627, 'usd_market_cap': 405601060964.2714, 'usd_24h_vol': 8717367099.83035, 'usd_24h_change': 2.0223097113240374, 'last_updated_at': 1712444803}, 'marscoin': {'usd': 0.09985, 'usd_market_cap': 0.0, 'usd_24h_vol': 1787.0911423319822, 'usd_24h_change': 0.8269763127377663, 'last_updated_at': 1712444716}, 'solana': {'usd': 179.0794, 'usd_market_cap': 79423995632.01282, 'usd_24h_vol': 5115500732.110916, 'usd_24h_change': 2.263525742353498, 'last_updated_at': 1712444781}}
[2024-04-06T23:07:12.714+0000] {taskinstance.py:1138} INFO - Marking task as SUCCESS. dag_id=defi_data_pipeline, task_id=get_token_data, execution_date=20240406T220100, start_date=20240406T230710, end_date=20240406T230712
[2024-04-06T23:07:12.804+0000] {local_task_job_runner.py:234} INFO - Task exited with return code 0
[2024-04-06T23:07:12.867+0000] {taskinstance.py:3281} INFO - 1 downstream tasks scheduled from follow-on schedule check
[2024-04-06T23:11:51.805+0000] {taskinstance.py:1957} INFO - Dependencies all met for dep_context=non-requeueable deps ti=<TaskInstance: defi_data_pipeline.get_token_data scheduled__2024-04-06T22:01:00+00:00 [queued]>
[2024-04-06T23:11:51.825+0000] {taskinstance.py:1957} INFO - Dependencies all met for dep_context=requeueable deps ti=<TaskInstance: defi_data_pipeline.get_token_data scheduled__2024-04-06T22:01:00+00:00 [queued]>
[2024-04-06T23:11:51.826+0000] {taskinstance.py:2171} INFO - Starting attempt 1 of 1
[2024-04-06T23:11:52.108+0000] {taskinstance.py:2192} INFO - Executing <Task(_PythonDecoratedOperator): get_token_data> on 2024-04-06 22:01:00+00:00
[2024-04-06T23:11:52.122+0000] {standard_task_runner.py:60} INFO - Started process 13758 to run task
[2024-04-06T23:11:52.133+0000] {standard_task_runner.py:87} INFO - Running: ['***', 'tasks', 'run', 'defi_data_pipeline', 'get_token_data', 'scheduled__2024-04-06T22:01:00+00:00', '--job-id', '330', '--raw', '--subdir', 'DAGS_FOLDER/_etl.py', '--cfg-path', '/tmp/tmpz9db8ymm']
[2024-04-06T23:11:52.142+0000] {standard_task_runner.py:88} INFO - Job 330: Subtask get_token_data
[2024-04-06T23:11:52.209+0000] {logging_mixin.py:188} WARNING - /home/***/.local/lib/python3.8/site-packages/***/settings.py:195 DeprecationWarning: The sql_alchemy_conn option in [core] has been moved to the sql_alchemy_conn option in [database] - the old setting has been used, but please update your config.
[2024-04-06T23:11:52.295+0000] {task_command.py:423} INFO - Running <TaskInstance: defi_data_pipeline.get_token_data scheduled__2024-04-06T22:01:00+00:00 [running]> on host aa86d21a7ebc
[2024-04-06T23:11:52.512+0000] {taskinstance.py:2481} INFO - Exporting env vars: AIRFLOW_CTX_DAG_OWNER='***' AIRFLOW_CTX_DAG_ID='defi_data_pipeline' AIRFLOW_CTX_TASK_ID='get_token_data' AIRFLOW_CTX_EXECUTION_DATE='2024-04-06T22:01:00+00:00' AIRFLOW_CTX_TRY_NUMBER='1' AIRFLOW_CTX_DAG_RUN_ID='scheduled__2024-04-06T22:01:00+00:00'
[2024-04-06T23:11:53.096+0000] {python.py:201} INFO - Done. Returned value was: {'bitcoin': {'usd': 69320.86492, 'usd_market_cap': 1358569944459.5886, 'usd_24h_vol': 18148095220.5217, 'usd_24h_change': 2.2542768560255073, 'last_updated_at': 1712444822}, 'ethereum': {'usd': 3389.87627, 'usd_market_cap': 405601060964.2714, 'usd_24h_vol': 8717367099.83035, 'usd_24h_change': 2.0223097113240374, 'last_updated_at': 1712444803}, 'marscoin': {'usd': 0.09985, 'usd_market_cap': 0.0, 'usd_24h_vol': 1787.0911423319822, 'usd_24h_change': 0.8269763127377663, 'last_updated_at': 1712444716}, 'solana': {'usd': 179.0794, 'usd_market_cap': 79423995632.01282, 'usd_24h_vol': 5115500732.110916, 'usd_24h_change': 2.263525742353498, 'last_updated_at': 1712444781}}
[2024-04-06T23:11:53.227+0000] {taskinstance.py:1138} INFO - Marking task as SUCCESS. dag_id=defi_data_pipeline, task_id=get_token_data, execution_date=20240406T220100, start_date=20240406T231151, end_date=20240406T231153
[2024-04-06T23:11:53.299+0000] {local_task_job_runner.py:234} INFO - Task exited with return code 0
[2024-04-06T23:11:53.335+0000] {taskinstance.py:3281} INFO - 1 downstream tasks scheduled from follow-on schedule check
[2024-04-06T23:24:49.138+0000] {taskinstance.py:1957} INFO - Dependencies all met for dep_context=non-requeueable deps ti=<TaskInstance: defi_data_pipeline.get_token_data scheduled__2024-04-06T22:01:00+00:00 [queued]>
[2024-04-06T23:24:49.154+0000] {taskinstance.py:1957} INFO - Dependencies all met for dep_context=requeueable deps ti=<TaskInstance: defi_data_pipeline.get_token_data scheduled__2024-04-06T22:01:00+00:00 [queued]>
[2024-04-06T23:24:49.154+0000] {taskinstance.py:2171} INFO - Starting attempt 1 of 1
[2024-04-06T23:24:49.335+0000] {taskinstance.py:2192} INFO - Executing <Task(_PythonDecoratedOperator): get_token_data> on 2024-04-06 22:01:00+00:00
[2024-04-06T23:24:49.347+0000] {standard_task_runner.py:87} INFO - Running: ['***', 'tasks', 'run', 'defi_data_pipeline', 'get_token_data', 'scheduled__2024-04-06T22:01:00+00:00', '--job-id', '332', '--raw', '--subdir', 'DAGS_FOLDER/_etl.py', '--cfg-path', '/tmp/tmpona3a4vm']
[2024-04-06T23:24:49.361+0000] {standard_task_runner.py:88} INFO - Job 332: Subtask get_token_data
[2024-04-06T23:24:49.351+0000] {standard_task_runner.py:60} INFO - Started process 14547 to run task
[2024-04-06T23:24:49.429+0000] {logging_mixin.py:188} WARNING - /home/***/.local/lib/python3.8/site-packages/***/settings.py:195 DeprecationWarning: The sql_alchemy_conn option in [core] has been moved to the sql_alchemy_conn option in [database] - the old setting has been used, but please update your config.
[2024-04-06T23:24:49.512+0000] {task_command.py:423} INFO - Running <TaskInstance: defi_data_pipeline.get_token_data scheduled__2024-04-06T22:01:00+00:00 [running]> on host aa86d21a7ebc
[2024-04-06T23:24:49.619+0000] {taskinstance.py:2481} INFO - Exporting env vars: AIRFLOW_CTX_DAG_OWNER='***' AIRFLOW_CTX_DAG_ID='defi_data_pipeline' AIRFLOW_CTX_TASK_ID='get_token_data' AIRFLOW_CTX_EXECUTION_DATE='2024-04-06T22:01:00+00:00' AIRFLOW_CTX_TRY_NUMBER='1' AIRFLOW_CTX_DAG_RUN_ID='scheduled__2024-04-06T22:01:00+00:00'
[2024-04-06T23:24:50.213+0000] {python.py:201} INFO - Done. Returned value was: {'bitcoin': {'usd': 69429.30518, 'usd_market_cap': 1366581908351.4421, 'usd_24h_vol': 18783093214.11925, 'usd_24h_change': 2.3254824177353925, 'last_updated_at': 1712445865}, 'ethereum': {'usd': 3386.17936, 'usd_market_cap': 407359333298.3421, 'usd_24h_vol': 8787801209.886387, 'usd_24h_change': 1.8631106792452123, 'last_updated_at': 1712445875}, 'marscoin': {'usd': 0.09961, 'usd_market_cap': 0.0, 'usd_24h_vol': 1782.5215194933442, 'usd_24h_change': 0.5045325040291635, 'last_updated_at': 1712445382}, 'solana': {'usd': 179.1992, 'usd_market_cap': 79800459092.7823, 'usd_24h_vol': 5052925573.969228, 'usd_24h_change': 2.3232990128508524, 'last_updated_at': 1712445888}}
[2024-04-06T23:24:50.467+0000] {taskinstance.py:1138} INFO - Marking task as SUCCESS. dag_id=defi_data_pipeline, task_id=get_token_data, execution_date=20240406T220100, start_date=20240406T232449, end_date=20240406T232450
[2024-04-06T23:24:50.578+0000] {local_task_job_runner.py:234} INFO - Task exited with return code 0
[2024-04-06T23:24:50.635+0000] {taskinstance.py:3281} INFO - 0 downstream tasks scheduled from follow-on schedule check
[2024-04-06T23:42:30.790+0000] {taskinstance.py:1957} INFO - Dependencies all met for dep_context=non-requeueable deps ti=<TaskInstance: defi_data_pipeline.get_token_data scheduled__2024-04-06T22:01:00+00:00 [queued]>
[2024-04-06T23:42:30.834+0000] {taskinstance.py:1957} INFO - Dependencies all met for dep_context=requeueable deps ti=<TaskInstance: defi_data_pipeline.get_token_data scheduled__2024-04-06T22:01:00+00:00 [queued]>
[2024-04-06T23:42:30.835+0000] {taskinstance.py:2171} INFO - Starting attempt 1 of 1
[2024-04-06T23:42:31.615+0000] {taskinstance.py:2192} INFO - Executing <Task(_PythonDecoratedOperator): get_token_data> on 2024-04-06 22:01:00+00:00
[2024-04-06T23:42:31.659+0000] {standard_task_runner.py:60} INFO - Started process 15626 to run task
[2024-04-06T23:42:31.704+0000] {standard_task_runner.py:87} INFO - Running: ['***', 'tasks', 'run', 'defi_data_pipeline', 'get_token_data', 'scheduled__2024-04-06T22:01:00+00:00', '--job-id', '334', '--raw', '--subdir', 'DAGS_FOLDER/_etl.py', '--cfg-path', '/tmp/tmphzu4qzq_']
[2024-04-06T23:42:31.722+0000] {standard_task_runner.py:88} INFO - Job 334: Subtask get_token_data
[2024-04-06T23:42:31.893+0000] {logging_mixin.py:188} WARNING - /home/***/.local/lib/python3.8/site-packages/***/settings.py:195 DeprecationWarning: The sql_alchemy_conn option in [core] has been moved to the sql_alchemy_conn option in [database] - the old setting has been used, but please update your config.
[2024-04-06T23:42:32.046+0000] {task_command.py:423} INFO - Running <TaskInstance: defi_data_pipeline.get_token_data scheduled__2024-04-06T22:01:00+00:00 [running]> on host aa86d21a7ebc
[2024-04-06T23:42:32.466+0000] {taskinstance.py:2481} INFO - Exporting env vars: AIRFLOW_CTX_DAG_OWNER='***' AIRFLOW_CTX_DAG_ID='defi_data_pipeline' AIRFLOW_CTX_TASK_ID='get_token_data' AIRFLOW_CTX_EXECUTION_DATE='2024-04-06T22:01:00+00:00' AIRFLOW_CTX_TRY_NUMBER='1' AIRFLOW_CTX_DAG_RUN_ID='scheduled__2024-04-06T22:01:00+00:00'
[2024-04-06T23:42:34.023+0000] {python.py:201} INFO - Done. Returned value was: {'bitcoin': {'usd': 69196.98186, 'usd_market_cap': 1361313530140.8271, 'usd_24h_vol': 19250871112.72162, 'usd_24h_change': 1.8231200309604036, 'last_updated_at': 1712446950}, 'ethereum': {'usd': 3371.90199, 'usd_market_cap': 404764545219.323, 'usd_24h_vol': 8729471174.415024, 'usd_24h_change': 1.3290010701284807, 'last_updated_at': 1712446912}, 'marscoin': {'usd': 0.09933, 'usd_market_cap': 0.0, 'usd_24h_vol': 1805.4483319369035, 'usd_24h_change': 0.08615842346801883, 'last_updated_at': 1712446941}, 'solana': {'usd': 179.12374, 'usd_market_cap': 79706128758.68477, 'usd_24h_vol': 4890490550.123689, 'usd_24h_change': 2.2507643921111997, 'last_updated_at': 1712446927}}
[2024-04-06T23:42:34.995+0000] {taskinstance.py:1138} INFO - Marking task as SUCCESS. dag_id=defi_data_pipeline, task_id=get_token_data, execution_date=20240406T220100, start_date=20240406T234230, end_date=20240406T234234
[2024-04-06T23:42:35.093+0000] {local_task_job_runner.py:234} INFO - Task exited with return code 0
[2024-04-06T23:42:35.171+0000] {taskinstance.py:3281} INFO - 1 downstream tasks scheduled from follow-on schedule check
