[2024-04-07T13:05:34.806+0000] {taskinstance.py:1957} INFO - Dependencies all met for dep_context=non-requeueable deps ti=<TaskInstance: defi_data_pipeline.transformed_to_datetime scheduled__2024-04-07T12:01:00+00:00 [queued]>
[2024-04-07T13:05:34.822+0000] {taskinstance.py:1957} INFO - Dependencies all met for dep_context=requeueable deps ti=<TaskInstance: defi_data_pipeline.transformed_to_datetime scheduled__2024-04-07T12:01:00+00:00 [queued]>
[2024-04-07T13:05:34.823+0000] {taskinstance.py:2171} INFO - Starting attempt 1 of 1
[2024-04-07T13:05:35.046+0000] {taskinstance.py:2192} INFO - Executing <Task(_PythonDecoratedOperator): transformed_to_datetime> on 2024-04-07 12:01:00+00:00
[2024-04-07T13:05:35.053+0000] {standard_task_runner.py:60} INFO - Started process 38927 to run task
[2024-04-07T13:05:35.059+0000] {standard_task_runner.py:87} INFO - Running: ['***', 'tasks', 'run', 'defi_data_pipeline', 'transformed_to_datetime', 'scheduled__2024-04-07T12:01:00+00:00', '--job-id', '401', '--raw', '--subdir', 'DAGS_FOLDER/_etl.py', '--cfg-path', '/tmp/tmpvl1b3x8x']
[2024-04-07T13:05:35.061+0000] {standard_task_runner.py:88} INFO - Job 401: Subtask transformed_to_datetime
[2024-04-07T13:05:35.081+0000] {logging_mixin.py:188} WARNING - /home/***/.local/lib/python3.8/site-packages/***/settings.py:195 DeprecationWarning: The sql_alchemy_conn option in [core] has been moved to the sql_alchemy_conn option in [database] - the old setting has been used, but please update your config.
[2024-04-07T13:05:35.132+0000] {task_command.py:423} INFO - Running <TaskInstance: defi_data_pipeline.transformed_to_datetime scheduled__2024-04-07T12:01:00+00:00 [running]> on host aa86d21a7ebc
[2024-04-07T13:05:35.244+0000] {taskinstance.py:2481} INFO - Exporting env vars: AIRFLOW_CTX_DAG_OWNER='***' AIRFLOW_CTX_DAG_ID='defi_data_pipeline' AIRFLOW_CTX_TASK_ID='transformed_to_datetime' AIRFLOW_CTX_EXECUTION_DATE='2024-04-07T12:01:00+00:00' AIRFLOW_CTX_TRY_NUMBER='1' AIRFLOW_CTX_DAG_RUN_ID='scheduled__2024-04-07T12:01:00+00:00'
[2024-04-07T13:05:35.271+0000] {python.py:201} INFO - Done. Returned value was:   token_name          usd  ...  last_updated_at           updated_dt
0    bitcoin  69378.88818  ...     1.712495e+09  2024-04-07 13:04:53
1   ethereum   3402.13725  ...     1.712495e+09  2024-04-07 13:05:03
2   marscoin      0.09639  ...     1.712494e+09  2024-04-07 12:48:10
3     solana    181.13294  ...     1.712495e+09  2024-04-07 13:04:56

[4 rows x 7 columns]
[2024-04-07T13:05:35.348+0000] {taskinstance.py:1138} INFO - Marking task as SUCCESS. dag_id=defi_data_pipeline, task_id=transformed_to_datetime, execution_date=20240407T120100, start_date=20240407T130534, end_date=20240407T130535
[2024-04-07T13:05:35.391+0000] {local_task_job_runner.py:234} INFO - Task exited with return code 0
[2024-04-07T13:05:35.423+0000] {taskinstance.py:3281} INFO - 1 downstream tasks scheduled from follow-on schedule check
[2024-04-07T13:10:35.607+0000] {taskinstance.py:1957} INFO - Dependencies all met for dep_context=non-requeueable deps ti=<TaskInstance: defi_data_pipeline.transformed_to_datetime scheduled__2024-04-07T12:01:00+00:00 [queued]>
[2024-04-07T13:10:35.721+0000] {taskinstance.py:1957} INFO - Dependencies all met for dep_context=requeueable deps ti=<TaskInstance: defi_data_pipeline.transformed_to_datetime scheduled__2024-04-07T12:01:00+00:00 [queued]>
[2024-04-07T13:10:35.723+0000] {taskinstance.py:2171} INFO - Starting attempt 1 of 1
[2024-04-07T13:10:39.860+0000] {taskinstance.py:2192} INFO - Executing <Task(_PythonDecoratedOperator): transformed_to_datetime> on 2024-04-07 12:01:00+00:00
[2024-04-07T13:10:39.897+0000] {standard_task_runner.py:60} INFO - Started process 39244 to run task
[2024-04-07T13:10:39.916+0000] {standard_task_runner.py:87} INFO - Running: ['***', 'tasks', 'run', 'defi_data_pipeline', 'transformed_to_datetime', 'scheduled__2024-04-07T12:01:00+00:00', '--job-id', '405', '--raw', '--subdir', 'DAGS_FOLDER/_etl.py', '--cfg-path', '/tmp/tmpav89h34m']
[2024-04-07T13:10:39.935+0000] {standard_task_runner.py:88} INFO - Job 405: Subtask transformed_to_datetime
[2024-04-07T13:10:40.039+0000] {logging_mixin.py:188} WARNING - /home/***/.local/lib/python3.8/site-packages/***/settings.py:195 DeprecationWarning: The sql_alchemy_conn option in [core] has been moved to the sql_alchemy_conn option in [database] - the old setting has been used, but please update your config.
[2024-04-07T13:10:40.162+0000] {task_command.py:423} INFO - Running <TaskInstance: defi_data_pipeline.transformed_to_datetime scheduled__2024-04-07T12:01:00+00:00 [running]> on host aa86d21a7ebc
[2024-04-07T13:10:40.631+0000] {taskinstance.py:2481} INFO - Exporting env vars: AIRFLOW_CTX_DAG_OWNER='***' AIRFLOW_CTX_DAG_ID='defi_data_pipeline' AIRFLOW_CTX_TASK_ID='transformed_to_datetime' AIRFLOW_CTX_EXECUTION_DATE='2024-04-07T12:01:00+00:00' AIRFLOW_CTX_TRY_NUMBER='1' AIRFLOW_CTX_DAG_RUN_ID='scheduled__2024-04-07T12:01:00+00:00'
[2024-04-07T13:10:40.680+0000] {python.py:201} INFO - Done. Returned value was:   token_name          usd  ...  last_updated_at           updated_dt
0    bitcoin  69378.88818  ...     1.712495e+09  2024-04-07 13:04:53
1   ethereum   3402.13725  ...     1.712495e+09  2024-04-07 13:05:03
2   marscoin      0.09639  ...     1.712494e+09  2024-04-07 12:48:10
3     solana    181.13294  ...     1.712495e+09  2024-04-07 13:04:56

[4 rows x 7 columns]
[2024-04-07T13:10:41.112+0000] {taskinstance.py:1138} INFO - Marking task as SUCCESS. dag_id=defi_data_pipeline, task_id=transformed_to_datetime, execution_date=20240407T120100, start_date=20240407T131035, end_date=20240407T131041
[2024-04-07T13:10:41.589+0000] {local_task_job_runner.py:234} INFO - Task exited with return code 0
[2024-04-07T13:10:41.832+0000] {taskinstance.py:3281} INFO - 1 downstream tasks scheduled from follow-on schedule check
