[2024-04-07T13:05:28.980+0000] {taskinstance.py:1957} INFO - Dependencies all met for dep_context=non-requeueable deps ti=<TaskInstance: defi_data_pipeline.get_token_data scheduled__2024-04-07T12:01:00+00:00 [queued]>
[2024-04-07T13:05:29.000+0000] {taskinstance.py:1957} INFO - Dependencies all met for dep_context=requeueable deps ti=<TaskInstance: defi_data_pipeline.get_token_data scheduled__2024-04-07T12:01:00+00:00 [queued]>
[2024-04-07T13:05:29.001+0000] {taskinstance.py:2171} INFO - Starting attempt 1 of 1
[2024-04-07T13:05:29.560+0000] {taskinstance.py:2192} INFO - Executing <Task(_PythonDecoratedOperator): get_token_data> on 2024-04-07 12:01:00+00:00
[2024-04-07T13:05:29.570+0000] {standard_task_runner.py:60} INFO - Started process 38923 to run task
[2024-04-07T13:05:29.576+0000] {standard_task_runner.py:87} INFO - Running: ['***', 'tasks', 'run', 'defi_data_pipeline', 'get_token_data', 'scheduled__2024-04-07T12:01:00+00:00', '--job-id', '400', '--raw', '--subdir', 'DAGS_FOLDER/_etl.py', '--cfg-path', '/tmp/tmpzkk9_b4n']
[2024-04-07T13:05:29.581+0000] {standard_task_runner.py:88} INFO - Job 400: Subtask get_token_data
[2024-04-07T13:05:29.609+0000] {logging_mixin.py:188} WARNING - /home/***/.local/lib/python3.8/site-packages/***/settings.py:195 DeprecationWarning: The sql_alchemy_conn option in [core] has been moved to the sql_alchemy_conn option in [database] - the old setting has been used, but please update your config.
[2024-04-07T13:05:29.675+0000] {task_command.py:423} INFO - Running <TaskInstance: defi_data_pipeline.get_token_data scheduled__2024-04-07T12:01:00+00:00 [running]> on host aa86d21a7ebc
[2024-04-07T13:05:29.842+0000] {taskinstance.py:2481} INFO - Exporting env vars: AIRFLOW_CTX_DAG_OWNER='***' AIRFLOW_CTX_DAG_ID='defi_data_pipeline' AIRFLOW_CTX_TASK_ID='get_token_data' AIRFLOW_CTX_EXECUTION_DATE='2024-04-07T12:01:00+00:00' AIRFLOW_CTX_TRY_NUMBER='1' AIRFLOW_CTX_DAG_RUN_ID='scheduled__2024-04-07T12:01:00+00:00'
[2024-04-07T13:05:33.732+0000] {python.py:201} INFO - Done. Returned value was: {'bitcoin': {'usd': 69378.88818, 'usd_market_cap': 1364609209361.8252, 'usd_24h_vol': 16197941745.332163, 'usd_24h_change': 2.4644582385967664, 'last_updated_at': 1712495093}, 'ethereum': {'usd': 3402.13725, 'usd_market_cap': 408430153135.79364, 'usd_24h_vol': 8853254645.732248, 'usd_24h_change': 2.1124911936482924, 'last_updated_at': 1712495103}, 'marscoin': {'usd': 0.09639, 'usd_market_cap': 0.0, 'usd_24h_vol': 1868.3927062262944, 'usd_24h_change': -3.6712476216704966, 'last_updated_at': 1712494090}, 'solana': {'usd': 181.13294, 'usd_market_cap': 80721976880.44838, 'usd_24h_vol': 2242441645.772479, 'usd_24h_change': 3.3983522764878225, 'last_updated_at': 1712495096}}
[2024-04-07T13:05:33.840+0000] {taskinstance.py:1138} INFO - Marking task as SUCCESS. dag_id=defi_data_pipeline, task_id=get_token_data, execution_date=20240407T120100, start_date=20240407T130528, end_date=20240407T130533
[2024-04-07T13:05:33.896+0000] {local_task_job_runner.py:234} INFO - Task exited with return code 0
[2024-04-07T13:05:33.938+0000] {taskinstance.py:3281} INFO - 1 downstream tasks scheduled from follow-on schedule check
[2024-04-07T13:10:22.608+0000] {taskinstance.py:1957} INFO - Dependencies all met for dep_context=non-requeueable deps ti=<TaskInstance: defi_data_pipeline.get_token_data scheduled__2024-04-07T12:01:00+00:00 [queued]>
[2024-04-07T13:10:22.697+0000] {taskinstance.py:1957} INFO - Dependencies all met for dep_context=requeueable deps ti=<TaskInstance: defi_data_pipeline.get_token_data scheduled__2024-04-07T12:01:00+00:00 [queued]>
[2024-04-07T13:10:22.698+0000] {taskinstance.py:2171} INFO - Starting attempt 1 of 1
[2024-04-07T13:10:25.170+0000] {taskinstance.py:2192} INFO - Executing <Task(_PythonDecoratedOperator): get_token_data> on 2024-04-07 12:01:00+00:00
[2024-04-07T13:10:25.191+0000] {standard_task_runner.py:60} INFO - Started process 39228 to run task
[2024-04-07T13:10:25.203+0000] {standard_task_runner.py:87} INFO - Running: ['***', 'tasks', 'run', 'defi_data_pipeline', 'get_token_data', 'scheduled__2024-04-07T12:01:00+00:00', '--job-id', '404', '--raw', '--subdir', 'DAGS_FOLDER/_etl.py', '--cfg-path', '/tmp/tmp1bx7zprk']
[2024-04-07T13:10:25.210+0000] {standard_task_runner.py:88} INFO - Job 404: Subtask get_token_data
[2024-04-07T13:10:25.385+0000] {logging_mixin.py:188} WARNING - /home/***/.local/lib/python3.8/site-packages/***/settings.py:195 DeprecationWarning: The sql_alchemy_conn option in [core] has been moved to the sql_alchemy_conn option in [database] - the old setting has been used, but please update your config.
[2024-04-07T13:10:25.619+0000] {task_command.py:423} INFO - Running <TaskInstance: defi_data_pipeline.get_token_data scheduled__2024-04-07T12:01:00+00:00 [running]> on host aa86d21a7ebc
[2024-04-07T13:10:26.190+0000] {taskinstance.py:2481} INFO - Exporting env vars: AIRFLOW_CTX_DAG_OWNER='***' AIRFLOW_CTX_DAG_ID='defi_data_pipeline' AIRFLOW_CTX_TASK_ID='get_token_data' AIRFLOW_CTX_EXECUTION_DATE='2024-04-07T12:01:00+00:00' AIRFLOW_CTX_TRY_NUMBER='1' AIRFLOW_CTX_DAG_RUN_ID='scheduled__2024-04-07T12:01:00+00:00'
[2024-04-07T13:10:27.207+0000] {python.py:201} INFO - Done. Returned value was: {'bitcoin': {'usd': 69378.88818, 'usd_market_cap': 1364609209361.8252, 'usd_24h_vol': 16197941745.332163, 'usd_24h_change': 2.4644582385967664, 'last_updated_at': 1712495093}, 'ethereum': {'usd': 3402.13725, 'usd_market_cap': 408430153135.79364, 'usd_24h_vol': 8853254645.732248, 'usd_24h_change': 2.1124911936482924, 'last_updated_at': 1712495103}, 'marscoin': {'usd': 0.09639, 'usd_market_cap': 0.0, 'usd_24h_vol': 1868.3927062262944, 'usd_24h_change': -3.6712476216704966, 'last_updated_at': 1712494090}, 'solana': {'usd': 181.13294, 'usd_market_cap': 80721976880.44838, 'usd_24h_vol': 2242441645.772479, 'usd_24h_change': 3.3983522764878225, 'last_updated_at': 1712495096}}
[2024-04-07T13:10:27.600+0000] {taskinstance.py:1138} INFO - Marking task as SUCCESS. dag_id=defi_data_pipeline, task_id=get_token_data, execution_date=20240407T120100, start_date=20240407T131022, end_date=20240407T131027
[2024-04-07T13:10:27.719+0000] {local_task_job_runner.py:234} INFO - Task exited with return code 0
[2024-04-07T13:10:27.813+0000] {taskinstance.py:3281} INFO - 1 downstream tasks scheduled from follow-on schedule check
